<?xml version="1.0" encoding="utf-8"?><testsuites name="pytest tests"><testsuite name="pytest" errors="0" failures="0" skipped="0" tests="90" time="33.119" timestamp="2026-04-13T12:17:04.700847+08:00" hostname="CHCSWS-CGYWH34"><testcase classname="tests.test_auth.TestCreateAccessToken" name="test_create_token_success" time="0.003" /><testcase classname="tests.test_auth.TestCreateAccessToken" name="test_create_token_with_expiry" time="0.001" /><testcase classname="tests.test_auth.TestCreateAccessToken" name="test_create_token_default_expiry" time="0.001" /><testcase classname="tests.test_auth.TestCreateAccessToken" name="test_create_token_contains_data" time="0.001" /><testcase classname="tests.test_auth.TestLogin" name="test_login_success" time="0.494" /><testcase classname="tests.test_auth.TestLogin" name="test_login_w_password" time="0.453" /><testcase classname="tests.test_auth.TestLogin" name="test_login_w_email" time="0.010" /><testcase classname="tests.test_auth.TestLogin" name="test_login_empty_credentials" time="0.009" /><testcase classname="tests.test_auth.TestLogin" name="test_login_missing_fields" time="0.008" /><testcase classname="tests.test_auth.TestTokenValidation" name="test_valid_token_access" time="0.457" /><testcase classname="tests.test_auth.TestTokenValidation" name="test_invalid_token_format" time="0.011" /><testcase classname="tests.test_auth.TestTokenValidation" name="test_invalid_token_signature" time="0.012" /><testcase classname="tests.test_auth.TestTokenValidation" name="test_expired_token" time="0.012" /><testcase classname="tests.test_auth.TestTokenValidation" name="test_token_no_subject" time="0.010" /><testcase classname="tests.test_auth.TestTokenValidation" name="test_token_user_not_exists" time="0.015" /><testcase classname="tests.test_auth.TestTokenValidation" name="test_no_token_provided" time="0.014" /><testcase classname="tests.test_auth.TestInactiveUser" name="test_inactive_user_blocked" time="0.558" /><testcase classname="tests.test_auth.TestRoleCheck" name="test_admin_role_allowed" time="0.550" /><testcase classname="tests.test_auth.TestRoleCheck" name="test_general_role_denied" time="0.499" /><testcase classname="tests.test_auth.TestRateLimiting" name="test_rate_limit_exceeded" time="0.562" /><testcase classname="tests.test_crud_users.TestPasswordOperations" name="test_get_password_hash" time="0.233" /><testcase classname="tests.test_crud_users.TestPasswordOperations" name="test_verify_password_success" time="0.481" /><testcase classname="tests.test_crud_users.TestPasswordOperations" name="test_verify_password_failure" time="0.493" /><testcase classname="tests.test_crud_users.TestPasswordOperations" name="test_password_hash_unique" time="0.501" /><testcase classname="tests.test_crud_users.TestGetUser" name="test_get_user_success" time="0.276" /><testcase classname="tests.test_crud_users.TestGetUser" name="test_get_user_not_found" time="0.007" /><testcase classname="tests.test_crud_users.TestGetUser" name="test_get_user_negative_id" time="0.007" /><testcase classname="tests.test_crud_users.TestGetUser" name="test_get_user_empty_db" time="0.004" /><testcase classname="tests.test_crud_users.TestGetUserByEmail" name="test_get_user_by_email_success" time="0.253" /><testcase classname="tests.test_crud_users.TestGetUserByEmail" name="test_get_user_by_email_not_found" time="0.004" /><testcase classname="tests.test_crud_users.TestGetUserByEmail" name="test_get_user_by_email_empty_string" time="0.009" /><testcase classname="tests.test_crud_users.TestGetUserByEmail" name="test_get_user_by_email_case_sensitive" time="0.248" /><testcase classname="tests.test_crud_users.TestGetUserByLogin" name="test_get_user_by_login_success" time="0.539" /><testcase classname="tests.test_crud_users.TestGetUserByLogin" name="test_get_user_by_login_wrong_password" time="0.528" /><testcase classname="tests.test_crud_users.TestGetUserByLogin" name="test_get_user_by_login_wrong_email" time="0.004" /><testcase classname="tests.test_crud_users.TestGetUserByLogin" name="test_get_user_by_login_empty_password" time="0.523" /><testcase classname="tests.test_crud_users.TestGetUserByLogin" name="test_get_user_by_login_empty_email" time="0.003" /><testcase classname="tests.test_crud_users.TestGetUsers" name="test_get_users_all" time="1.376" /><testcase classname="tests.test_crud_users.TestGetUsers" name="test_get_users_pagination" time="2.761" /><testcase classname="tests.test_crud_users.TestGetUsers" name="test_get_users_empty_db" time="0.009" /><testcase classname="tests.test_crud_users.TestGetUsers" name="test_get_users_limit_zero" time="0.256" /><testcase classname="tests.test_crud_users.TestGetUsers" name="test_get_users_skip_larger_than_total" time="0.267" /><testcase classname="tests.test_crud_users.TestCreateUser" name="test_create_user_success" time="0.254" /><testcase classname="tests.test_crud_users.TestCreateUser" name="test_create_user_username_from_email" time="0.225" /><testcase classname="tests.test_crud_users.TestCreateUser" name="test_create_user_long_email" time="0.218" /><testcase classname="tests.test_crud_users.TestDeleteUser" name="test_delete_user_success" time="0.217" /><testcase classname="tests.test_crud_users.TestDeleteUser" name="test_delete_user_not_found" time="0.003" /><testcase classname="tests.test_crud_users.TestDeleteUser" name="test_delete_user_negative_id" time="0.003" /><testcase classname="tests.test_crud_users.TestUpdateUser" name="test_update_user_success" time="0.211" /><testcase classname="tests.test_crud_users.TestUpdateUser" name="test_update_user_not_found" time="0.004" /><testcase classname="tests.test_crud_users.TestUpdateUserPassword" name="test_update_password_success" time="0.830" /><testcase classname="tests.test_crud_users.TestUpdateUserPassword" name="test_update_password_wrong_old_password" time="0.476" /><testcase classname="tests.test_crud_users.TestUpdateUserPassword" name="test_update_password_user_not_found" time="0.006" /><testcase classname="tests.test_crud_users.TestUpdateUserPassword" name="test_update_password_empty_new_password" time="0.639" /><testcase classname="tests.test_routers_users.TestCreateUser" name="test_create_user_success" time="0.213" /><testcase classname="tests.test_routers_users.TestCreateUser" name="test_create_user_duplicate_email" time="0.214" /><testcase classname="tests.test_routers_users.TestCreateUser" name="test_create_user_invalid_email" time="0.212" /><testcase classname="tests.test_routers_users.TestCreateUser" name="test_create_user_empty_email" time="0.224" /><testcase classname="tests.test_routers_users.TestCreateUser" name="test_create_user_empty_password" time="0.218" /><testcase classname="tests.test_routers_users.TestCreateUser" name="test_create_user_missing_fields" time="0.007" /><testcase classname="tests.test_routers_users.TestGetUsersList" name="test_get_users_admin_success" time="0.426" /><testcase classname="tests.test_routers_users.TestGetUsersList" name="test_get_users_general_forbidden" time="0.429" /><testcase classname="tests.test_routers_users.TestGetUsersList" name="test_get_users_unauthorized" time="0.010" /><testcase classname="tests.test_routers_users.TestGetUsersList" name="test_get_users_with_pagination" time="3.593" /><testcase classname="tests.test_routers_users.TestGetUserMe" name="test_get_me_success" time="0.421" /><testcase classname="tests.test_routers_users.TestGetUserMe" name="test_get_me_unauthorized" time="0.009" /><testcase classname="tests.test_routers_users.TestGetUserMe" name="test_get_me_invalid_token" time="0.008" /><testcase classname="tests.test_routers_users.TestGetUserById" name="test_get_user_by_id_owner_success" time="0.422" /><testcase classname="tests.test_routers_users.TestGetUserById" name="test_get_user_by_id_admin_success" time="0.630" /><testcase classname="tests.test_routers_users.TestGetUserById" name="test_get_user_by_id_other_user_forbidden" time="0.630" /><testcase classname="tests.test_routers_users.TestGetUserById" name="test_get_user_by_id_not_found" time="0.423" /><testcase classname="tests.test_routers_users.TestGetUserById" name="test_get_user_by_id_negative" time="0.425" /><testcase classname="tests.test_routers_users.TestGetUserById" name="test_get_user_by_id_unauthorized" time="0.215" /><testcase classname="tests.test_routers_users.TestDeleteUser" name="test_delete_user_owner_success" time="0.421" /><testcase classname="tests.test_routers_users.TestDeleteUser" name="test_delete_user_admin_success" time="0.623" /><testcase classname="tests.test_routers_users.TestDeleteUser" name="test_delete_user_other_user_forbidden" time="0.631" /><testcase classname="tests.test_routers_users.TestDeleteUser" name="test_delete_user_not_found" time="0.422" /><testcase classname="tests.test_routers_users.TestDeleteUser" name="test_delete_user_unauthorized" time="0.214" /><testcase classname="tests.test_routers_users.TestUpdateUser" name="test_update_user_owner_success" time="0.425" /><testcase classname="tests.test_routers_users.TestUpdateUser" name="test_update_user_admin_success" time="0.624" /><testcase classname="tests.test_routers_users.TestUpdateUser" name="test_update_user_admin_change_role" time="0.636" /><testcase classname="tests.test_routers_users.TestUpdateUser" name="test_update_user_general_cannot_change_role" time="0.426" /><testcase classname="tests.test_routers_users.TestUpdateUser" name="test_update_user_other_user_forbidden" time="0.622" /><testcase classname="tests.test_routers_users.TestUpdateUser" name="test_update_user_not_found" time="0.423" /><testcase classname="tests.test_routers_users.TestUpdateUser" name="test_update_user_unauthorized" time="0.213" /><testcase classname="tests.test_routers_users.TestUpdateUserPassword" name="test_update_password_owner_success" time="0.830" /><testcase classname="tests.test_routers_users.TestUpdateUserPassword" name="test_update_password_w_old_password" time="0.623" /><testcase classname="tests.test_routers_users.TestUpdateUserPassword" name="test_update_password_other_user_forbidden" time="0.624" /><testcase classname="tests.test_routers_users.TestUpdateUserPassword" name="test_update_password_unauthorized" time="0.214" /><testcase classname="tests.test_routers_users.TestUpdateUserPassword" name="test_update_password_missing_fields" time="0.434" /></testsuite></testsuites>